Using pre-set license
Built from '2020.3/release' branch; Version is '2020.3.15f2 (6cf78cb77498) revision 7141260'; Using compiler version '192528614'; Build Type 'Release'
OS: 'Windows 10 Home; OS build 19043.1237; Version 2009; 64bit' Language: 'ja' Physical Memory: 7955 MB
BatchMode: 1, IsHumanControllingUs: 0, StartBugReporterOnCrash: 0, Is64bit: 1, IsPro: 0

 COMMAND LINE ARGUMENTS:
C:\Program Files\Unity\Hub\Editor\2020.3.15f2\Editor\Unity.exe
-adb2
-batchMode
-noUpm
-name
AssetImportWorker0
-projectPath
C:/Users/hinag/OneDrive/Desktop/SS1Week18th
-logFile
Logs/AssetImportWorker0.log
-srvPort
49681
Successfully changed project path to: C:/Users/hinag/OneDrive/Desktop/SS1Week18th
C:/Users/hinag/OneDrive/Desktop/SS1Week18th
Using Asset Import Pipeline V2.
Refreshing native plugins compatible for Editor in 130.63 ms, found 3 plugins.
Preloading 0 native plugins for Editor in 0.00 ms.
Initialize engine version: 2020.3.15f2 (6cf78cb77498)
[Subsystems] Discovering subsystems at path C:/Program Files/Unity/Hub/Editor/2020.3.15f2/Editor/Data/Resources/UnitySubsystems
[Subsystems] Discovering subsystems at path C:/Users/hinag/OneDrive/Desktop/SS1Week18th/Assets
GfxDevice: creating device client; threaded=0
Direct3D:
    Version:  Direct3D 11.0 [level 11.1]
    Renderer: Intel(R) UHD Graphics (ID=0x8a56)
    Vendor:   
    VRAM:     3977 MB
    Driver:   27.20.100.8935
Initialize mono
Mono path[0] = 'C:/Program Files/Unity/Hub/Editor/2020.3.15f2/Editor/Data/Managed'
Mono path[1] = 'C:/Program Files/Unity/Hub/Editor/2020.3.15f2/Editor/Data/MonoBleedingEdge/lib/mono/unityjit'
Mono config path = 'C:/Program Files/Unity/Hub/Editor/2020.3.15f2/Editor/Data/MonoBleedingEdge/etc'
Using monoOptions --debugger-agent=transport=dt_socket,embedding=1,server=y,suspend=n,address=127.0.0.1:56136
Begin MonoManager ReloadAssembly
Registering precompiled unity dll's ...
Register platform support module: C:/Program Files/Unity/Hub/Editor/2020.3.15f2/Editor/Data/PlaybackEngines/WebGLSupport/UnityEditor.WebGL.Extensions.dll
Register platform support module: C:/Program Files/Unity/Hub/Editor/2020.3.15f2/Editor/Data/PlaybackEngines/WindowsStandaloneSupport/UnityEditor.WindowsStandalone.Extensions.dll
Registered in 0.004444 seconds.
Native extension for WindowsStandalone target not found
Native extension for WebGL target not found
Refreshing native plugins compatible for Editor in 72.90 ms, found 3 plugins.
Preloading 0 native plugins for Editor in 0.00 ms.
Mono: successfully reloaded assembly
- Completed reload, in  4.132 seconds
Domain Reload Profiling:
	ReloadAssembly (4132ms)
		BeginReloadAssembly (145ms)
			ExecutionOrderSort (0ms)
			DisableScriptedObjects (0ms)
			BackupInstance (0ms)
			ReleaseScriptingObjects (0ms)
			CreateAndSetChildDomain (2ms)
		EndReloadAssembly (760ms)
			LoadAssemblies (140ms)
			RebuildTransferFunctionScriptingTraits (0ms)
			SetupTypeCache (241ms)
			ReleaseScriptCaches (0ms)
			RebuildScriptCaches (64ms)
			SetupLoadedEditorAssemblies (321ms)
				LogAssemblyErrors (0ms)
				InitializePlatformSupportModulesInManaged (9ms)
				SetLoadedEditorAssemblies (0ms)
				RefreshPlugins (73ms)
				BeforeProcessingInitializeOnLoad (18ms)
				ProcessInitializeOnLoadAttributes (152ms)
				ProcessInitializeOnLoadMethodAttributes (68ms)
				AfterProcessingInitializeOnLoad (0ms)
				EditorAssembliesLoaded (1ms)
			ExecutionOrderSort2 (0ms)
			AwakeInstancesAfterBackupRestoration (0ms)
Platform modules already initialized, skipping
Registering precompiled user dll's ...
Registered in 0.006353 seconds.
Begin MonoManager ReloadAssembly
Native extension for WindowsStandalone target not found
Native extension for WebGL target not found
Refreshing native plugins compatible for Editor in 76.70 ms, found 3 plugins.
Preloading 0 native plugins for Editor in 0.00 ms.
Mono: successfully reloaded assembly
- Completed reload, in  2.230 seconds
Domain Reload Profiling:
	ReloadAssembly (2232ms)
		BeginReloadAssembly (317ms)
			ExecutionOrderSort (0ms)
			DisableScriptedObjects (10ms)
			BackupInstance (0ms)
			ReleaseScriptingObjects (0ms)
			CreateAndSetChildDomain (32ms)
		EndReloadAssembly (1790ms)
			LoadAssemblies (204ms)
			RebuildTransferFunctionScriptingTraits (0ms)
			SetupTypeCache (537ms)
			ReleaseScriptCaches (0ms)
			RebuildScriptCaches (92ms)
			SetupLoadedEditorAssemblies (751ms)
				LogAssemblyErrors (0ms)
				InitializePlatformSupportModulesInManaged (6ms)
				SetLoadedEditorAssemblies (0ms)
				RefreshPlugins (77ms)
				BeforeProcessingInitializeOnLoad (150ms)
				ProcessInitializeOnLoadAttributes (477ms)
				ProcessInitializeOnLoadMethodAttributes (26ms)
				AfterProcessingInitializeOnLoad (14ms)
				EditorAssembliesLoaded (0ms)
			ExecutionOrderSort2 (0ms)
			AwakeInstancesAfterBackupRestoration (14ms)
Platform modules already initialized, skipping
========================================================================
Worker process is ready to serve import requests
Launched and connected shader compiler UnityShaderCompiler.exe after 0.06 seconds
Refreshing native plugins compatible for Editor in 0.37 ms, found 3 plugins.
Preloading 0 native plugins for Editor in 0.00 ms.
Unloading 2096 Unused Serialized files (Serialized files now loaded: 0)
System memory in use before: 95.9 MB.
System memory in use after: 95.9 MB.

Unloading 33 unused Assets to reduce memory usage. Loaded Objects now: 2528.
Total: 2.388200 ms (FindLiveObjects: 0.148800 ms CreateObjectMapping: 0.057900 ms MarkObjects: 2.057600 ms  DeleteObjects: 0.122500 ms)

AssetImportParameters requested are different than current active one (requested -> active):
  custom:framework-win-MediaFoundation: 216162199b28c13a410421893ffa2e32 -> 
  custom:video-decoder-ogg-theora: a1e56fd34408186e4bbccfd4996cb3dc -> 
  custom:container-muxer-webm: aa71ff27fc2769a1b78a27578f13a17b -> 
  custom:container-demuxer-webm: 4f35f7cbe854078d1ac9338744f61a02 -> 
  custom:container-demuxer-ogg: 62fdf1f143b41e24485cea50d1cbac27 -> 
  custom:video-encoder-webm-vp8: eb34c28f22e8b96e1ab97ce403110664 -> 
  custom:video-codec-MediaFoundation-h265: 746d11721c4dcdbdad8f713fa42b33f4 -> 
  custom:video-decoder-webm-vp8: 9c59270c3fd7afecdb556c50c9e8de78 -> 
  custom:audio-decoder-ogg-vorbis: bf7c407c2cedff20999df2af8eb42d56 -> 
  custom:audio-encoder-webm-vorbis: bf7c407c2cedff20999df2af8eb42d56 -> 
========================================================================
Received Import Request.
  path: Assets/Images/hero2.png
  artifactKey: Guid(7da33a8895fa44e9ebc2ed5b2f3dbfab) Importer(815301076,1909f56bfc062723c751e8b465ee728b)
Start importing Assets/Images/hero2.png using Guid(7da33a8895fa44e9ebc2ed5b2f3dbfab) Importer(815301076,1909f56bfc062723c751e8b465ee728b)  -> (artifact id: '9083343117937fb23b58766def228a7b') in 0.254772 seconds 
  Import took 0.259013 seconds .

========================================================================
Received Import Request.
  Time since last request: 0.000532 seconds.
  path: Assets/Images/cloud.png
  artifactKey: Guid(36b229729e67e4e4eac4e501ed6e2653) Importer(815301076,1909f56bfc062723c751e8b465ee728b)
Start importing Assets/Images/cloud.png using Guid(36b229729e67e4e4eac4e501ed6e2653) Importer(815301076,1909f56bfc062723c751e8b465ee728b)  -> (artifact id: '6921b97cf87975a6a1780e58c1342849') in 0.021019 seconds 
  Import took 0.025290 seconds .

========================================================================
Received Import Request.
  Time since last request: 0.000408 seconds.
  path: Assets/Images/EnemyBaku.png
  artifactKey: Guid(e0b8bb3bbfe6f4b39a36ef3051ed5693) Importer(815301076,1909f56bfc062723c751e8b465ee728b)
Start importing Assets/Images/EnemyBaku.png using Guid(e0b8bb3bbfe6f4b39a36ef3051ed5693) Importer(815301076,1909f56bfc062723c751e8b465ee728b)  -> (artifact id: 'e2930e8b22be5f4ccb4d52bdf9165eee') in 0.011974 seconds 
  Import took 0.018464 seconds .

========================================================================
Received Import Request.
  Time since last request: 0.000246 seconds.
  path: Assets/Images/hero1.png
  artifactKey: Guid(8ec29ad291ccb46c98aa1b2eb2294693) Importer(815301076,1909f56bfc062723c751e8b465ee728b)
Start importing Assets/Images/hero1.png using Guid(8ec29ad291ccb46c98aa1b2eb2294693) Importer(815301076,1909f56bfc062723c751e8b465ee728b)  -> (artifact id: '3d2d02ffaaf86270cab1c7ce63ef7e36') in 0.018741 seconds 
  Import took 0.023135 seconds .

========================================================================
Received Import Request.
  Time since last request: 0.000361 seconds.
  path: Assets/Images/Wall.png
  artifactKey: Guid(a79732b1b87234aa6b46c3f509d0888b) Importer(815301076,1909f56bfc062723c751e8b465ee728b)
Start importing Assets/Images/Wall.png using Guid(a79732b1b87234aa6b46c3f509d0888b) Importer(815301076,1909f56bfc062723c751e8b465ee728b)  -> (artifact id: '56ba32eb00aca1cc8b69ddcc81621242') in 0.018604 seconds 
  Import took 0.024012 seconds .

========================================================================
Received Import Request.
  Time since last request: 0.000374 seconds.
  path: Assets/Images/Goal.png
  artifactKey: Guid(d1d4eb6b4073f41cba39ce49ccdc7be3) Importer(815301076,1909f56bfc062723c751e8b465ee728b)
Start importing Assets/Images/Goal.png using Guid(d1d4eb6b4073f41cba39ce49ccdc7be3) Importer(815301076,1909f56bfc062723c751e8b465ee728b)  -> (artifact id: 'b7dd4889521ee40da0d4b1e59e34fc77') in 0.019078 seconds 
  Import took 0.024737 seconds .

========================================================================
Received Import Request.
  Time since last request: 0.000273 seconds.
  path: Assets/Images/Load.png
  artifactKey: Guid(7f3529c7a63264df9a4fc55096a05472) Importer(815301076,1909f56bfc062723c751e8b465ee728b)
Start importing Assets/Images/Load.png using Guid(7f3529c7a63264df9a4fc55096a05472) Importer(815301076,1909f56bfc062723c751e8b465ee728b)  -> (artifact id: 'ccd3b0426ecfb0cdef46eaa3ca0b20c5') in 0.024037 seconds 
  Import took 0.031073 seconds .

AssetImportWorkerClient::OnTransportError - code=2 error=End of file
